2025-03-22T11:34:55.921-03:00  INFO 6968 --- [app-midascontrol] [main] app.AppMidascontrolApplication           : Starting AppMidascontrolApplication using Java 21.0.5 with PID 6968 (C:\Users\avner\OneDrive\Área de Trabalho\app\backend\app-midascontrol\target\classes started by avner in C:\Users\avner\OneDrive\Área de Trabalho\app\backend\app-midascontrol)
2025-03-22T11:34:55.928-03:00  INFO 6968 --- [app-midascontrol] [main] app.AppMidascontrolApplication           : No active profile set, falling back to 1 default profile: "default"
2025-03-22T11:34:57.008-03:00  INFO 6968 --- [app-midascontrol] [main] .s.d.r.c.RepositoryConfigurationDelegate : Bootstrapping Spring Data JPA repositories in DEFAULT mode.
2025-03-22T11:34:57.114-03:00  INFO 6968 --- [app-midascontrol] [main] .s.d.r.c.RepositoryConfigurationDelegate : Finished Spring Data repository scanning in 92 ms. Found 2 JPA repository interfaces.
2025-03-22T11:34:58.015-03:00  INFO 6968 --- [app-midascontrol] [main] o.s.b.w.embedded.tomcat.TomcatWebServer  : Tomcat initialized with port 8080 (http)
2025-03-22T11:34:58.036-03:00  INFO 6968 --- [app-midascontrol] [main] o.apache.catalina.core.StandardService   : Starting service [Tomcat]
2025-03-22T11:34:58.036-03:00  INFO 6968 --- [app-midascontrol] [main] o.apache.catalina.core.StandardEngine    : Starting Servlet engine: [Apache Tomcat/10.1.36]
2025-03-22T11:34:58.106-03:00  INFO 6968 --- [app-midascontrol] [main] o.a.c.c.C.[Tomcat].[localhost].[/]       : Initializing Spring embedded WebApplicationContext
2025-03-22T11:34:58.106-03:00  INFO 6968 --- [app-midascontrol] [main] w.s.c.ServletWebServerApplicationContext : Root WebApplicationContext: initialization completed in 2106 ms
2025-03-22T11:34:58.343-03:00  INFO 6968 --- [app-midascontrol] [main] com.zaxxer.hikari.HikariDataSource       : HikariPool-1 - Starting...
2025-03-22T11:34:58.715-03:00  INFO 6968 --- [app-midascontrol] [main] com.zaxxer.hikari.pool.HikariPool        : HikariPool-1 - Added connection conn0: url=jdbc:h2:mem:testdb user=SA
2025-03-22T11:34:58.718-03:00  INFO 6968 --- [app-midascontrol] [main] com.zaxxer.hikari.HikariDataSource       : HikariPool-1 - Start completed.
2025-03-22T11:34:58.852-03:00  INFO 6968 --- [app-midascontrol] [main] o.hibernate.jpa.internal.util.LogHelper  : HHH000204: Processing PersistenceUnitInfo [name: default]
2025-03-22T11:34:59.008-03:00  INFO 6968 --- [app-midascontrol] [main] org.hibernate.Version                    : HHH000412: Hibernate ORM core version 6.6.8.Final
2025-03-22T11:34:59.056-03:00  INFO 6968 --- [app-midascontrol] [main] o.h.c.internal.RegionFactoryInitiator    : HHH000026: Second-level cache disabled
2025-03-22T11:34:59.510-03:00  INFO 6968 --- [app-midascontrol] [main] o.s.o.j.p.SpringPersistenceUnitInfo      : No LoadTimeWeaver setup: ignoring JPA class transformer
2025-03-22T11:34:59.621-03:00  INFO 6968 --- [app-midascontrol] [main] org.hibernate.orm.connections.pooling    : HHH10001005: Database info:
	Database JDBC URL [Connecting through datasource 'HikariDataSource (HikariPool-1)']
	Database driver: undefined/unknown
	Database version: 2.3.232
	Autocommit mode: undefined/unknown
	Isolation level: undefined/unknown
	Minimum pool size: undefined/unknown
	Maximum pool size: undefined/unknown
2025-03-22T11:35:00.672-03:00  INFO 6968 --- [app-midascontrol] [main] o.h.e.t.j.p.i.JtaPlatformInitiator       : HHH000489: No JTA platform available (set 'hibernate.transaction.jta.platform' to enable JTA platform integration)
2025-03-22T11:35:00.715-03:00  INFO 6968 --- [app-midascontrol] [main] j.LocalContainerEntityManagerFactoryBean : Initialized JPA EntityManagerFactory for persistence unit 'default'
2025-03-22T11:35:01.352-03:00  WARN 6968 --- [app-midascontrol] [main] JpaBaseConfiguration$JpaWebConfiguration : spring.jpa.open-in-view is enabled by default. Therefore, database queries may be performed during view rendering. Explicitly configure spring.jpa.open-in-view to disable this warning
2025-03-22T11:35:01.812-03:00  INFO 6968 --- [app-midascontrol] [main] o.s.b.a.h2.H2ConsoleAutoConfiguration    : H2 console available at '/h2-console'. Database available at 'jdbc:h2:mem:testdb'
2025-03-22T11:35:01.963-03:00  INFO 6968 --- [app-midascontrol] [main] o.s.b.w.embedded.tomcat.TomcatWebServer  : Tomcat started on port 8080 (http) with context path '/'
2025-03-22T11:35:01.981-03:00  INFO 6968 --- [app-midascontrol] [main] app.AppMidascontrolApplication           : Started AppMidascontrolApplication in 6.735 seconds (process running for 10.411)
2025-03-22T11:35:06.785-03:00  INFO 6968 --- [app-midascontrol] [http-nio-8080-exec-4] o.a.c.c.C.[Tomcat].[localhost].[/]       : Initializing Spring DispatcherServlet 'dispatcherServlet'
2025-03-22T11:35:06.786-03:00  INFO 6968 --- [app-midascontrol] [http-nio-8080-exec-4] o.s.web.servlet.DispatcherServlet        : Initializing Servlet 'dispatcherServlet'
2025-03-22T11:35:06.788-03:00  INFO 6968 --- [app-midascontrol] [http-nio-8080-exec-4] o.s.web.servlet.DispatcherServlet        : Completed initialization in 1 ms
2025-03-22T11:35:06.863-03:00  INFO 6968 --- [app-midascontrol] [http-nio-8080-exec-2] app.service.RegistroService              : Executanto listagem de registros: class app.service.RegistroService
2025-03-22T11:35:06.863-03:00  INFO 6968 --- [app-midascontrol] [http-nio-8080-exec-4] app.service.RegistroService              : Executanto listagem de registros por Status de faturamento: class app.service.RegistroService
2025-03-22T11:35:06.863-03:00  INFO 6968 --- [app-midascontrol] [http-nio-8080-exec-3] app.service.RegistroService              : Executanto listagem de registros por Status de faturamento: class app.service.RegistroService
2025-03-22T11:35:06.863-03:00  INFO 6968 --- [app-midascontrol] [http-nio-8080-exec-1] app.service.RegistroService              : Executanto listagem de registros por Status de faturamento: class app.service.RegistroService
2025-03-22T11:35:07.059-03:00  INFO 6968 --- [app-midascontrol] [http-nio-8080-exec-1] app.service.RegistroService              : Executanto listagem de registros por Status de faturamento: class app.service.RegistroService
2025-03-22T11:35:07.143-03:00  INFO 6968 --- [app-midascontrol] [http-nio-8080-exec-7] app.service.RegistroService              : Executanto listagem de registros por Status de faturamento: class app.service.RegistroService
2025-03-22T11:35:07.143-03:00  INFO 6968 --- [app-midascontrol] [http-nio-8080-exec-6] app.service.RegistroService              : Executanto listagem de registros por Status de faturamento: class app.service.RegistroService
2025-03-22T11:35:07.143-03:00  INFO 6968 --- [app-midascontrol] [http-nio-8080-exec-8] app.service.RegistroService              : Executanto listagem de registros por Status de faturamento: class app.service.RegistroService
2025-03-22T11:35:07.143-03:00  INFO 6968 --- [app-midascontrol] [http-nio-8080-exec-5] app.service.RegistroService              : Executanto listagem de registros: class app.service.RegistroService
2025-03-22T11:35:07.146-03:00  INFO 6968 --- [app-midascontrol] [http-nio-8080-exec-8] app.service.RegistroService              : Executanto listagem de registros por Status de faturamento: class app.service.RegistroService
2025-03-22T11:35:07.151-03:00  INFO 6968 --- [app-midascontrol] [http-nio-8080-exec-9] app.service.RegistroService              : Executanto listagem de registros por Status de faturamento: class app.service.RegistroService
2025-03-22T11:35:07.159-03:00  INFO 6968 --- [app-midascontrol] [http-nio-8080-exec-10] app.service.RegistroService              : Executanto listagem de registros por Status de faturamento: class app.service.RegistroService
2025-03-22T11:35:51.992-03:00  INFO 6968 --- [app-midascontrol] [http-nio-8080-exec-1] app.service.RegistroService              : Executando cadastro de novo registro: class app.service.RegistroService
2025-03-22T11:35:55.241-03:00  INFO 6968 --- [app-midascontrol] [http-nio-8080-exec-2] app.service.RegistroService              : Executanto listagem de registros por Status de faturamento: class app.service.RegistroService
2025-03-22T11:35:55.241-03:00  INFO 6968 --- [app-midascontrol] [http-nio-8080-exec-5] app.service.RegistroService              : Executanto listagem de registros por Status de faturamento: class app.service.RegistroService
2025-03-22T11:35:55.241-03:00  INFO 6968 --- [app-midascontrol] [http-nio-8080-exec-6] app.service.RegistroService              : Executanto listagem de registros: class app.service.RegistroService
2025-03-22T11:35:55.241-03:00  INFO 6968 --- [app-midascontrol] [http-nio-8080-exec-3] app.service.RegistroService              : Executanto listagem de registros por Status de faturamento: class app.service.RegistroService
2025-03-22T11:35:55.243-03:00  INFO 6968 --- [app-midascontrol] [http-nio-8080-exec-5] app.service.RegistroService              : Executanto listagem de registros por Status de faturamento: class app.service.RegistroService
2025-03-22T11:35:55.247-03:00  INFO 6968 --- [app-midascontrol] [http-nio-8080-exec-7] app.service.RegistroService              : Executanto listagem de registros por Status de faturamento: class app.service.RegistroService
2025-03-22T11:35:55.247-03:00  INFO 6968 --- [app-midascontrol] [http-nio-8080-exec-8] app.service.RegistroService              : Executanto listagem de registros por Status de faturamento: class app.service.RegistroService
2025-03-22T11:35:55.249-03:00  INFO 6968 --- [app-midascontrol] [http-nio-8080-exec-9] app.service.RegistroService              : Executanto listagem de registros: class app.service.RegistroService
2025-03-22T11:35:55.249-03:00  INFO 6968 --- [app-midascontrol] [http-nio-8080-exec-10] app.service.RegistroService              : Executanto listagem de registros por Status de faturamento: class app.service.RegistroService
2025-03-22T11:35:55.251-03:00  INFO 6968 --- [app-midascontrol] [http-nio-8080-exec-10] app.service.RegistroService              : Executanto listagem de registros por Status de faturamento: class app.service.RegistroService
2025-03-22T11:35:55.255-03:00  INFO 6968 --- [app-midascontrol] [http-nio-8080-exec-4] app.service.RegistroService              : Executanto listagem de registros por Status de faturamento: class app.service.RegistroService
2025-03-22T11:35:55.261-03:00  INFO 6968 --- [app-midascontrol] [http-nio-8080-exec-1] app.service.RegistroService              : Executanto listagem de registros por Status de faturamento: class app.service.RegistroService
2025-03-22T12:04:37.290-03:00  INFO 6968 --- [app-midascontrol] [SpringApplicationShutdownHook] o.s.b.w.e.tomcat.GracefulShutdown        : Commencing graceful shutdown. Waiting for active requests to complete
2025-03-22T12:04:37.296-03:00  INFO 6968 --- [app-midascontrol] [tomcat-shutdown] o.s.b.w.e.tomcat.GracefulShutdown        : Graceful shutdown complete
2025-03-22T12:04:37.300-03:00  INFO 6968 --- [app-midascontrol] [SpringApplicationShutdownHook] j.LocalContainerEntityManagerFactoryBean : Closing JPA EntityManagerFactory for persistence unit 'default'
2025-03-22T12:04:37.306-03:00  INFO 6968 --- [app-midascontrol] [SpringApplicationShutdownHook] com.zaxxer.hikari.HikariDataSource       : HikariPool-1 - Shutdown initiated...
2025-03-22T12:04:37.309-03:00  INFO 6968 --- [app-midascontrol] [SpringApplicationShutdownHook] com.zaxxer.hikari.HikariDataSource       : HikariPool-1 - Shutdown completed.
